<?xml version="1.0" encoding="UTF-8"?>
<testng-results ignored="0" total="2" passed="2" failed="0" skipped="0">
  <reporter-output>
  </reporter-output>
  <suite started-at="2022-05-30T15:14:07 IST" name="Suite" finished-at="2022-05-30T15:14:37 IST" duration-ms="29158">
    <groups>
    </groups>
    <test started-at="2022-05-30T15:14:07 IST" name="Testclassa" finished-at="2022-05-30T15:14:24 IST" duration-ms="16186">
      <class name="test123.Testclass">
        <test-method is-config="true" signature="lanchBrowser(java.lang.String)[pri:0, instance:test123.Testclass@13e39c73]" started-at="2022-05-30T15:14:07 IST" name="lanchBrowser" finished-at="2022-05-30T15:14:12 IST" duration-ms="4865" status="PASS">
          <params>
            <param index="0">
              <value>
                <![CDATA[Edge]]>
              </value>
            </param>
          </params>
          <reporter-output>
          </reporter-output>
        </test-method> <!-- lanchBrowser -->
        <test-method is-config="true" signature="lanuchthebrow()[pri:0, instance:test123.Testclass@13e39c73]" started-at="2022-05-30T15:14:12 IST" name="lanuchthebrow" finished-at="2022-05-30T15:14:12 IST" duration-ms="2" status="PASS">
          <reporter-output>
          </reporter-output>
        </test-method> <!-- lanuchthebrow -->
        <test-method is-config="true" signature="loginpage1()[pri:0, instance:test123.Testclass@13e39c73]" started-at="2022-05-30T15:14:12 IST" name="loginpage1" finished-at="2022-05-30T15:14:21 IST" duration-ms="8961" status="PASS">
          <reporter-output>
          </reporter-output>
        </test-method> <!-- loginpage1 -->
        <test-method signature="homepage1()[pri:0, instance:test123.Testclass@13e39c73]" started-at="2022-05-30T15:14:21 IST" name="homepage1" finished-at="2022-05-30T15:14:21 IST" duration-ms="8" status="PASS">
          <reporter-output>
          </reporter-output>
        </test-method> <!-- homepage1 -->
        <test-method is-config="true" signature="logout()[pri:0, instance:test123.Testclass@13e39c73]" started-at="2022-05-30T15:14:21 IST" name="logout" finished-at="2022-05-30T15:14:24 IST" duration-ms="2274" status="PASS">
          <reporter-output>
          </reporter-output>
        </test-method> <!-- logout -->
      </class> <!-- test123.Testclass -->
    </test> <!-- Testclassa -->
    <test started-at="2022-05-30T15:14:24 IST" name="Testclassb" finished-at="2022-05-30T15:14:37 IST" duration-ms="12881">
      <class name="test123.Testclass">
        <test-method is-config="true" signature="lanchBrowser(java.lang.String)[pri:0, instance:test123.Testclass@56620197]" started-at="2022-05-30T15:14:24 IST" name="lanchBrowser" finished-at="2022-05-30T15:14:25 IST" duration-ms="1666" status="PASS">
          <params>
            <param index="0">
              <value>
                <![CDATA[Chrome]]>
              </value>
            </param>
          </params>
          <reporter-output>
          </reporter-output>
        </test-method> <!-- lanchBrowser -->
        <test-method is-config="true" signature="lanuchthebrow()[pri:0, instance:test123.Testclass@56620197]" started-at="2022-05-30T15:14:25 IST" name="lanuchthebrow" finished-at="2022-05-30T15:14:25 IST" duration-ms="0" status="PASS">
          <reporter-output>
          </reporter-output>
        </test-method> <!-- lanuchthebrow -->
        <test-method is-config="true" signature="loginpage1()[pri:0, instance:test123.Testclass@56620197]" started-at="2022-05-30T15:14:25 IST" name="loginpage1" finished-at="2022-05-30T15:14:34 IST" duration-ms="8930" status="PASS">
          <reporter-output>
          </reporter-output>
        </test-method> <!-- loginpage1 -->
        <test-method signature="homepage1()[pri:0, instance:test123.Testclass@56620197]" started-at="2022-05-30T15:14:34 IST" name="homepage1" finished-at="2022-05-30T15:14:34 IST" duration-ms="2" status="PASS">
          <reporter-output>
          </reporter-output>
        </test-method> <!-- homepage1 -->
        <test-method is-config="true" signature="logout()[pri:0, instance:test123.Testclass@56620197]" started-at="2022-05-30T15:14:34 IST" name="logout" finished-at="2022-05-30T15:14:37 IST" duration-ms="2277" status="PASS">
          <reporter-output>
          </reporter-output>
        </test-method> <!-- logout -->
      </class> <!-- test123.Testclass -->
    </test> <!-- Testclassb -->
  </suite> <!-- Suite -->
</testng-results>
